#! /usr/bin/vvp
:ivl_version "11.0 (stable)";
:ivl_delay_selection "TYPICAL";
:vpi_time_precision + 0;
:vpi_module "/usr/lib/x86_64-linux-gnu/ivl/system.vpi";
:vpi_module "/usr/lib/x86_64-linux-gnu/ivl/vhdl_sys.vpi";
:vpi_module "/usr/lib/x86_64-linux-gnu/ivl/vhdl_textio.vpi";
:vpi_module "/usr/lib/x86_64-linux-gnu/ivl/v2005_math.vpi";
:vpi_module "/usr/lib/x86_64-linux-gnu/ivl/va_math.vpi";
S_0x55deefe79d90 .scope module, "MAIN_MEMORY" "MAIN_MEMORY" 2 12;
 .timescale 0 0;
    .port_info 0 /INPUT 1 "clk";
    .port_info 1 /INPUT 8 "writen_data";
    .port_info 2 /INPUT 17 "mem_vis_addr";
    .port_info 3 /INPUT 2 "mem_vis_signal";
    .port_info 4 /OUTPUT 8 "mem_data";
P_0x55deefe7b620 .param/l "ADDR_WIDTH" 0 2 12, +C4<00000000000000000000000000010001>;
P_0x55deefe7b660 .param/l "BYTE_SIZE" 0 2 14, +C4<00000000000000000000000000001000>;
P_0x55deefe7b6a0 .param/l "LEN" 0 2 13, +C4<00000000000000000000000000100000>;
o0x7ff0507a4048 .functor BUFZ 1, C4<z>; HiZ drive
v0x55deefec7280_0 .net "clk", 0 0, o0x7ff0507a4048;  0 drivers
v0x55deefec7360_0 .var "mem_data", 7 0;
o0x7ff0507a40a8 .functor BUFZ 17, C4<zzzzzzzzzzzzzzzzz>; HiZ drive
v0x55deefec7440_0 .net "mem_vis_addr", 16 0, o0x7ff0507a40a8;  0 drivers
o0x7ff0507a40d8 .functor BUFZ 2, C4<zz>; HiZ drive
v0x55deefec7530_0 .net "mem_vis_signal", 1 0, o0x7ff0507a40d8;  0 drivers
v0x55deefec7610 .array "storage", 131071 0, 7 0;
o0x7ff0507a4108 .functor BUFZ 8, C4<zzzzzzzz>; HiZ drive
v0x55deefec7720_0 .net "writen_data", 7 0, o0x7ff0507a4108;  0 drivers
E_0x55deefeb2cf0 .event posedge, v0x55deefec7280_0;
S_0x55deefea18c0 .scope begin, "$ivl_for_loop0" "$ivl_for_loop0" 2 24, 2 24 0, S_0x55deefe79d90;
 .timescale 0 0;
v0x55deefea1aa0_0 .var/i "i", 31 0;
    .scope S_0x55deefe79d90;
T_0 ;
    %fork t_1, S_0x55deefea18c0;
    %jmp t_0;
    .scope S_0x55deefea18c0;
t_1 ;
    %pushi/vec4 0, 0, 32;
    %store/vec4 v0x55deefea1aa0_0, 0, 32;
T_0.0 ;
    %load/vec4 v0x55deefea1aa0_0;
    %cmpi/s 131072, 0, 32;
    %jmp/0xz T_0.1, 5;
    %pushi/vec4 0, 0, 8;
    %ix/getv/s 4, v0x55deefea1aa0_0;
    %store/vec4a v0x55deefec7610, 4, 0;
    %load/vec4 v0x55deefea1aa0_0;
    %addi 1, 0, 32;
    %store/vec4 v0x55deefea1aa0_0, 0, 32;
    %jmp T_0.0;
T_0.1 ;
    %end;
    .scope S_0x55deefe79d90;
t_0 %join;
    %vpi_call 2 27 "$readmemh", "/mnt/f/repo/ToyCPU/user/testspace/test.data", v0x55deefec7610 {0 0 0};
    %end;
    .thread T_0;
    .scope S_0x55deefe79d90;
T_1 ;
    %wait E_0x55deefeb2cf0;
    %load/vec4 v0x55deefec7530_0;
    %cmpi/e 1, 0, 2;
    %jmp/0xz  T_1.0, 4;
    %load/vec4 v0x55deefec7720_0;
    %load/vec4 v0x55deefec7440_0;
    %pad/u 19;
    %ix/vec4 3;
    %ix/load 4, 0, 0; Constant delay
    %assign/vec4/a/d v0x55deefec7610, 0, 4;
T_1.0 ;
    %load/vec4 v0x55deefec7530_0;
    %cmpi/e 2, 0, 2;
    %flag_mov 8, 4;
    %load/vec4 v0x55deefec7530_0;
    %cmpi/e 3, 0, 2;
    %flag_or 4, 8;
    %jmp/0xz  T_1.2, 4;
    %load/vec4 v0x55deefec7440_0;
    %pad/u 19;
    %ix/vec4 4;
    %load/vec4a v0x55deefec7610, 4;
    %store/vec4 v0x55deefec7360_0, 0, 8;
T_1.2 ;
    %jmp T_1;
    .thread T_1;
# The file index is used to find the file name in the following table.
:file_names 3;
    "N/A";
    "<interactive>";
    "src_modified/main_memory.v";
